<?xml version="1.0" encoding="UTF-8"?>
<!-- Generated by org.testng.reporters.JUnitReportReporter -->
<testsuite skipped="0" hostname="DESKTOP-G1GSCKP" name="testcases.LoginPasswordPageTest" tests="2" failures="0" timestamp="17 Dec 2018 02:07:04 GMT" time="44.450" errors="0">
  <testcase name="displayCreateAccountBtn" time="19.188" classname="testcases.LoginPasswordPageTest"/>
  <testcase name="enterPwdAndLogin" time="25.262" classname="testcases.LoginPasswordPageTest"/>
</testsuite> <!-- testcases.LoginPasswordPageTest -->
