<?xml version="1.0" encoding="UTF-8"?>
<!-- Generated by org.testng.reporters.JUnitReportReporter -->
<testsuite skipped="0" hostname="DESKTOP-G1GSCKP" name="testcases.RegistrationPageTest" tests="3" failures="0" timestamp="17 Dec 2018 02:22:29 GMT" time="47.275" errors="0">
  <testcase name="newRegistration" time="16.497" classname="testcases.RegistrationPageTest"/>
  <testcase name="newRegistration" time="15.970" classname="testcases.RegistrationPageTest"/>
  <testcase name="newRegistration" time="14.808" classname="testcases.RegistrationPageTest"/>
</testsuite> <!-- testcases.RegistrationPageTest -->
